2018-10-27 15:04:23,334  INFO JournalismApplication:48 ---- Starting JournalismApplication on DESKTOP-7UQS1IM with PID 9800 (E:\gi\journalism\target\classes started by 69472 in E:\gi\journalism)
2018-10-27 15:04:23,346 DEBUG JournalismApplication:51 ---- Running with Spring Boot v1.5.2.RELEASE, Spring v4.3.7.RELEASE
2018-10-27 15:04:23,347  INFO JournalismApplication:637 ---- No active profile set, falling back to default profiles: default
2018-10-27 15:04:28,020  INFO JournalismApplication:57 ---- Started JournalismApplication in 5.507 seconds (JVM running for 8.195)
2018-10-27 15:26:16,614  INFO JournalismApplication:48 ---- Starting JournalismApplication on DESKTOP-7UQS1IM with PID 15732 (E:\gi\journalism\target\classes started by 69472 in E:\gi\journalism)
2018-10-27 15:26:16,763 DEBUG JournalismApplication:51 ---- Running with Spring Boot v1.5.2.RELEASE, Spring v4.3.7.RELEASE
2018-10-27 15:26:16,764  INFO JournalismApplication:637 ---- No active profile set, falling back to default profiles: default
2018-10-27 15:26:20,985  INFO JournalismApplication:57 ---- Started JournalismApplication in 4.569 seconds (JVM running for 6.27)
2018-10-27 15:28:38,493  INFO JournalismApplication:48 ---- Starting JournalismApplication on DESKTOP-7UQS1IM with PID 15784 (E:\gi\journalism\target\classes started by 69472 in E:\gi\journalism)
2018-10-27 15:28:38,495 DEBUG JournalismApplication:51 ---- Running with Spring Boot v1.5.2.RELEASE, Spring v4.3.7.RELEASE
2018-10-27 15:28:38,495  INFO JournalismApplication:637 ---- No active profile set, falling back to default profiles: default
2018-10-27 15:28:42,944  INFO JournalismApplication:57 ---- Started JournalismApplication in 4.645 seconds (JVM running for 6.214)
2018-10-27 15:35:08,957  INFO JournalismApplication:48 ---- Starting JournalismApplication on DESKTOP-7UQS1IM with PID 15568 (E:\gi\journalism\target\classes started by 69472 in E:\gi\journalism)
2018-10-27 15:35:08,959 DEBUG JournalismApplication:51 ---- Running with Spring Boot v1.5.2.RELEASE, Spring v4.3.7.RELEASE
2018-10-27 15:35:08,959  INFO JournalismApplication:637 ---- No active profile set, falling back to default profiles: default
2018-10-27 15:35:11,918  INFO JournalismApplication:57 ---- Started JournalismApplication in 3.224 seconds (JVM running for 4.773)
2018-10-27 15:44:52,995  INFO JournalismApplication:48 ---- Starting JournalismApplication on DESKTOP-7UQS1IM with PID 14936 (E:\gi\journalism\target\classes started by 69472 in E:\gi\journalism)
2018-10-27 15:44:52,997 DEBUG JournalismApplication:51 ---- Running with Spring Boot v1.5.2.RELEASE, Spring v4.3.7.RELEASE
2018-10-27 15:44:52,997  INFO JournalismApplication:637 ---- No active profile set, falling back to default profiles: default
2018-10-27 15:44:56,206  INFO JournalismApplication:57 ---- Started JournalismApplication in 3.498 seconds (JVM running for 4.97)
2018-10-27 15:45:38,664  INFO JournalismApplication:48 ---- Starting JournalismApplication on DESKTOP-7UQS1IM with PID 5236 (E:\gi\journalism\target\classes started by 69472 in E:\gi\journalism)
2018-10-27 15:45:38,666 DEBUG JournalismApplication:51 ---- Running with Spring Boot v1.5.2.RELEASE, Spring v4.3.7.RELEASE
2018-10-27 15:45:38,666  INFO JournalismApplication:637 ---- No active profile set, falling back to default profiles: default
2018-10-27 15:45:42,682  INFO JournalismApplication:57 ---- Started JournalismApplication in 4.364 seconds (JVM running for 6.07)
2018-10-27 15:47:11,089  INFO JournalismApplication:48 ---- Starting JournalismApplication on DESKTOP-7UQS1IM with PID 14592 (E:\gi\journalism\target\classes started by 69472 in E:\gi\journalism)
2018-10-27 15:47:11,091 DEBUG JournalismApplication:51 ---- Running with Spring Boot v1.5.2.RELEASE, Spring v4.3.7.RELEASE
2018-10-27 15:47:11,092  INFO JournalismApplication:637 ---- No active profile set, falling back to default profiles: default
2018-10-27 15:47:14,251  INFO JournalismApplication:57 ---- Started JournalismApplication in 3.443 seconds (JVM running for 5.004)
2018-10-27 15:50:56,615  INFO JournalismApplication:48 ---- Starting JournalismApplication on DESKTOP-7UQS1IM with PID 12816 (E:\gi\journalism\target\classes started by 69472 in E:\gi\journalism)
2018-10-27 15:50:56,618 DEBUG JournalismApplication:51 ---- Running with Spring Boot v1.5.2.RELEASE, Spring v4.3.7.RELEASE
2018-10-27 15:50:56,618  INFO JournalismApplication:637 ---- No active profile set, falling back to default profiles: default
2018-10-27 15:51:00,324  INFO JournalismApplication:57 ---- Started JournalismApplication in 3.982 seconds (JVM running for 5.818)
2018-10-27 15:54:37,723  INFO JournalismApplication:48 ---- Starting JournalismApplication on DESKTOP-7UQS1IM with PID 11048 (E:\gi\journalism\target\classes started by 69472 in E:\gi\journalism)
2018-10-27 15:54:37,741 DEBUG JournalismApplication:51 ---- Running with Spring Boot v1.5.2.RELEASE, Spring v4.3.7.RELEASE
2018-10-27 15:54:37,741  INFO JournalismApplication:637 ---- No active profile set, falling back to default profiles: default
2018-10-27 15:54:40,917  INFO JournalismApplication:57 ---- Started JournalismApplication in 3.514 seconds (JVM running for 4.941)
2018-10-27 15:56:02,601  INFO JournalismApplication:48 ---- Starting JournalismApplication on DESKTOP-7UQS1IM with PID 11688 (E:\gi\journalism\target\classes started by 69472 in E:\gi\journalism)
2018-10-27 15:56:02,603 DEBUG JournalismApplication:51 ---- Running with Spring Boot v1.5.2.RELEASE, Spring v4.3.7.RELEASE
2018-10-27 15:56:02,604  INFO JournalismApplication:637 ---- No active profile set, falling back to default profiles: default
2018-10-27 15:56:05,705  INFO JournalismApplication:57 ---- Started JournalismApplication in 3.415 seconds (JVM running for 4.881)
2018-10-27 15:56:47,326  INFO JournalismApplication:48 ---- Starting JournalismApplication on DESKTOP-7UQS1IM with PID 11100 (E:\gi\journalism\target\classes started by 69472 in E:\gi\journalism)
2018-10-27 15:56:47,328 DEBUG JournalismApplication:51 ---- Running with Spring Boot v1.5.2.RELEASE, Spring v4.3.7.RELEASE
2018-10-27 15:56:47,328  INFO JournalismApplication:637 ---- No active profile set, falling back to default profiles: default
2018-10-27 15:56:50,221  INFO JournalismApplication:57 ---- Started JournalismApplication in 3.146 seconds (JVM running for 4.818)
2018-10-27 15:57:58,755  INFO JournalismApplication:48 ---- Starting JournalismApplication on DESKTOP-7UQS1IM with PID 17232 (E:\gi\journalism\target\classes started by 69472 in E:\gi\journalism)
2018-10-27 15:57:58,757 DEBUG JournalismApplication:51 ---- Running with Spring Boot v1.5.2.RELEASE, Spring v4.3.7.RELEASE
2018-10-27 15:57:58,757  INFO JournalismApplication:637 ---- No active profile set, falling back to default profiles: default
2018-10-27 15:58:02,074  INFO JournalismApplication:57 ---- Started JournalismApplication in 3.554 seconds (JVM running for 4.861)
2018-10-27 15:59:32,026  INFO JournalismApplication:48 ---- Starting JournalismApplication on DESKTOP-7UQS1IM with PID 12080 (E:\gi\journalism\target\classes started by 69472 in E:\gi\journalism)
2018-10-27 15:59:32,037 DEBUG JournalismApplication:51 ---- Running with Spring Boot v1.5.2.RELEASE, Spring v4.3.7.RELEASE
2018-10-27 15:59:32,038  INFO JournalismApplication:637 ---- No active profile set, falling back to default profiles: default
2018-10-27 15:59:35,056  INFO JournalismApplication:57 ---- Started JournalismApplication in 3.282 seconds (JVM running for 5.367)
2018-10-27 16:02:25,215  INFO JournalismApplication:48 ---- Starting JournalismApplication on DESKTOP-7UQS1IM with PID 13940 (E:\gi\journalism\target\classes started by 69472 in E:\gi\journalism)
2018-10-27 16:02:25,218 DEBUG JournalismApplication:51 ---- Running with Spring Boot v1.5.2.RELEASE, Spring v4.3.7.RELEASE
2018-10-27 16:02:25,218  INFO JournalismApplication:637 ---- No active profile set, falling back to default profiles: default
2018-10-27 16:02:28,890  INFO JournalismApplication:57 ---- Started JournalismApplication in 4.018 seconds (JVM running for 5.474)
2018-10-27 16:02:56,277  INFO JournalismApplication:48 ---- Starting JournalismApplication on DESKTOP-7UQS1IM with PID 2592 (E:\gi\journalism\target\classes started by 69472 in E:\gi\journalism)
2018-10-27 16:02:56,292 DEBUG JournalismApplication:51 ---- Running with Spring Boot v1.5.2.RELEASE, Spring v4.3.7.RELEASE
2018-10-27 16:02:56,292  INFO JournalismApplication:637 ---- No active profile set, falling back to default profiles: default
2018-10-27 16:02:59,308  INFO JournalismApplication:57 ---- Started JournalismApplication in 3.272 seconds (JVM running for 4.609)
2018-10-27 16:11:29,310  INFO JournalismApplication:48 ---- Starting JournalismApplication on DESKTOP-7UQS1IM with PID 2592 (E:\gi\journalism\target\classes started by 69472 in E:\gi\journalism)
2018-10-27 16:11:29,310 DEBUG JournalismApplication:51 ---- Running with Spring Boot v1.5.2.RELEASE, Spring v4.3.7.RELEASE
2018-10-27 16:11:29,310  INFO JournalismApplication:637 ---- No active profile set, falling back to default profiles: default
2018-10-27 16:11:30,820  INFO JournalismApplication:57 ---- Started JournalismApplication in 1.549 seconds (JVM running for 516.121)
2018-10-27 16:16:56,113  INFO JournalismApplication:48 ---- Starting JournalismApplication on DESKTOP-7UQS1IM with PID 9308 (E:\gi\journalism\target\classes started by 69472 in E:\gi\journalism)
2018-10-27 16:16:56,115 DEBUG JournalismApplication:51 ---- Running with Spring Boot v1.5.2.RELEASE, Spring v4.3.7.RELEASE
2018-10-27 16:16:56,116  INFO JournalismApplication:637 ---- No active profile set, falling back to default profiles: default
2018-10-27 16:16:59,211  INFO JournalismApplication:57 ---- Started JournalismApplication in 3.35 seconds (JVM running for 5.476)
2018-10-27 16:17:29,820  INFO JournalismApplication:48 ---- Starting JournalismApplication on DESKTOP-7UQS1IM with PID 7616 (E:\gi\journalism\target\classes started by 69472 in E:\gi\journalism)
2018-10-27 16:17:29,822 DEBUG JournalismApplication:51 ---- Running with Spring Boot v1.5.2.RELEASE, Spring v4.3.7.RELEASE
2018-10-27 16:17:29,822  INFO JournalismApplication:637 ---- No active profile set, falling back to default profiles: default
2018-10-27 16:17:32,610  INFO JournalismApplication:57 ---- Started JournalismApplication in 2.99 seconds (JVM running for 4.982)
2018-10-27 16:19:32,544  INFO JournalismApplication:48 ---- Starting JournalismApplication on DESKTOP-7UQS1IM with PID 15416 (E:\gi\journalism\target\classes started by 69472 in E:\gi\journalism)
2018-10-27 16:19:32,546 DEBUG JournalismApplication:51 ---- Running with Spring Boot v1.5.2.RELEASE, Spring v4.3.7.RELEASE
2018-10-27 16:19:32,546  INFO JournalismApplication:637 ---- No active profile set, falling back to default profiles: default
2018-10-27 16:19:36,086  INFO JournalismApplication:57 ---- Started JournalismApplication in 3.979 seconds (JVM running for 5.385)
2018-10-27 16:22:09,012  INFO JournalismApplication:48 ---- Starting JournalismApplication on DESKTOP-7UQS1IM with PID 3436 (E:\gi\journalism\target\classes started by 69472 in E:\gi\journalism)
2018-10-27 16:22:09,014 DEBUG JournalismApplication:51 ---- Running with Spring Boot v1.5.2.RELEASE, Spring v4.3.7.RELEASE
2018-10-27 16:22:09,014  INFO JournalismApplication:637 ---- No active profile set, falling back to default profiles: default
2018-10-27 16:22:11,950  INFO JournalismApplication:57 ---- Started JournalismApplication in 3.139 seconds (JVM running for 5.299)
2018-10-27 16:24:03,349  INFO JournalismApplication:48 ---- Starting JournalismApplication on DESKTOP-7UQS1IM with PID 2432 (E:\gi\journalism\target\classes started by 69472 in E:\gi\journalism)
2018-10-27 16:24:03,351 DEBUG JournalismApplication:51 ---- Running with Spring Boot v1.5.2.RELEASE, Spring v4.3.7.RELEASE
2018-10-27 16:24:03,351  INFO JournalismApplication:637 ---- No active profile set, falling back to default profiles: default
2018-10-27 16:24:07,319  INFO JournalismApplication:57 ---- Started JournalismApplication in 4.281 seconds (JVM running for 5.786)
2018-10-27 16:24:55,697 DEBUG getCategoryAll:145 ---- ==>  Preparing: select c.c_id,c.c_name,(select count(*) from book where book.c_id=c.c_id) as pcount,c.img from category c left join book b on b.c_id=c.c_id group by c.c_id order by c.sort asc 
2018-10-27 16:24:55,709 DEBUG getCategoryAll:145 ---- ==> Parameters: 
2018-10-27 16:24:55,748 DEBUG getCategoryAll:145 ---- <==      Total: 8
2018-10-27 16:25:12,779  INFO JournalismApplication:48 ---- Starting JournalismApplication on DESKTOP-7UQS1IM with PID 7712 (E:\gi\journalism\target\classes started by 69472 in E:\gi\journalism)
2018-10-27 16:25:12,782 DEBUG JournalismApplication:51 ---- Running with Spring Boot v1.5.2.RELEASE, Spring v4.3.7.RELEASE
2018-10-27 16:25:12,782  INFO JournalismApplication:637 ---- No active profile set, falling back to default profiles: default
2018-10-27 16:25:16,172  INFO JournalismApplication:57 ---- Started JournalismApplication in 3.68 seconds (JVM running for 5.048)
2018-10-27 16:25:19,967 DEBUG getArticleAll:145 ---- ==>  Preparing: select * from article 
2018-10-27 16:25:19,981 DEBUG getArticleAll:145 ---- ==> Parameters: 
2018-10-27 16:25:20,010 DEBUG getArticleAll:145 ---- <==      Total: 1
2018-10-27 16:25:37,469 DEBUG addArticle:145 ---- ==>  Preparing: insert into article (title, content,url, addtime,c_id) values (?,?,?,now(),?) , (?,?,?,now(),?) , (?,?,?,now(),?) , (?,?,?,now(),?) , (?,?,?,now(),?) , (?,?,?,now(),?) , (?,?,?,now(),?) , (?,?,?,now(),?) , (?,?,?,now(),?) 
2018-10-27 16:25:37,471 DEBUG addArticle:145 ---- ==> Parameters: 新闻标题(String), 震惊。。。。。(String), http://baidu.com(String), null, 新闻标题1(String), 震惊1(String), http://baidu.com(String), null, 新闻标题2(String), 震惊2(String), http://baidu.com(String), null, 新闻标题3(String), 震惊3(String), http://baidu.com(String), null, 新闻标题4(String), 震惊4(String), http://baidu.com(String), null, 新闻标题5(String), 震惊5(String), http://baidu.com(String), null, 新闻标题6(String), 震惊6(String), http://baidu.com(String), null, 新闻标题7(String), 震惊7(String), http://baidu.com(String), null, 新闻标题8(String), 震惊8(String), http://baidu.com(String), null
2018-10-27 16:25:37,511 DEBUG addArticle:145 ---- <==    Updates: 9
2018-10-27 16:26:46,766  INFO JournalismApplication:48 ---- Starting JournalismApplication on DESKTOP-7UQS1IM with PID 11432 (E:\gi\journalism\target\classes started by 69472 in E:\gi\journalism)
2018-10-27 16:26:46,770 DEBUG JournalismApplication:51 ---- Running with Spring Boot v1.5.2.RELEASE, Spring v4.3.7.RELEASE
2018-10-27 16:26:46,770  INFO JournalismApplication:637 ---- No active profile set, falling back to default profiles: default
2018-10-27 16:26:49,759  INFO JournalismApplication:57 ---- Started JournalismApplication in 3.259 seconds (JVM running for 4.994)
2018-10-27 16:26:55,822 DEBUG addArticle:145 ---- ==>  Preparing: insert into article (title, content,url, addtime,c_id) values (?,?,?,now(),?) , (?,?,?,now(),?) , (?,?,?,now(),?) , (?,?,?,now(),?) , (?,?,?,now(),?) , (?,?,?,now(),?) , (?,?,?,now(),?) , (?,?,?,now(),?) , (?,?,?,now(),?) 
2018-10-27 16:26:55,835 DEBUG addArticle:145 ---- ==> Parameters: 新闻标题(String), 震惊。。。。。(String), http://baidu.com(String), null, 新闻标题1(String), 震惊1(String), http://baidu.com(String), null, 新闻标题2(String), 震惊2(String), http://baidu.com(String), null, 新闻标题3(String), 震惊3(String), http://baidu.com(String), null, 新闻标题4(String), 震惊4(String), http://baidu.com(String), null, 新闻标题5(String), 震惊5(String), http://baidu.com(String), null, 新闻标题6(String), 震惊6(String), http://baidu.com(String), null, 新闻标题7(String), 震惊7(String), http://baidu.com(String), null, 新闻标题8(String), 震惊8(String), http://baidu.com(String), null
2018-10-27 16:26:55,867 DEBUG addArticle:145 ---- <==    Updates: 9
2018-10-27 16:28:12,025  INFO JournalismApplication:48 ---- Starting JournalismApplication on DESKTOP-7UQS1IM with PID 9788 (E:\gi\journalism\target\classes started by 69472 in E:\gi\journalism)
2018-10-27 16:28:12,026 DEBUG JournalismApplication:51 ---- Running with Spring Boot v1.5.2.RELEASE, Spring v4.3.7.RELEASE
2018-10-27 16:28:12,027  INFO JournalismApplication:637 ---- No active profile set, falling back to default profiles: default
2018-10-27 16:28:15,473  INFO JournalismApplication:57 ---- Started JournalismApplication in 3.804 seconds (JVM running for 5.185)
2018-10-27 16:28:20,289 DEBUG addArticle:145 ---- ==>  Preparing: insert into article (title, content,url, addtime,c_id) values (?,?,?,now(),?) , (?,?,?,now(),?) , (?,?,?,now(),?) , (?,?,?,now(),?) , (?,?,?,now(),?) , (?,?,?,now(),?) , (?,?,?,now(),?) , (?,?,?,now(),?) , (?,?,?,now(),?) 
2018-10-27 16:28:20,300 DEBUG addArticle:145 ---- ==> Parameters: 新闻标题(String), 震惊。。。。。(String), http://baidu.com(String), null, 新闻标题1(String), 震惊1(String), http://baidu.com(String), null, 新闻标题2(String), 震惊2(String), http://baidu.com(String), null, 新闻标题3(String), 震惊3(String), http://baidu.com(String), null, 新闻标题4(String), 震惊4(String), http://baidu.com(String), null, 新闻标题5(String), 震惊5(String), http://baidu.com(String), null, 新闻标题6(String), 震惊6(String), http://baidu.com(String), null, 新闻标题7(String), 震惊7(String), http://baidu.com(String), null, 新闻标题8(String), 震惊8(String), http://baidu.com(String), null
2018-10-27 16:28:20,336 DEBUG addArticle:145 ---- <==    Updates: 9
2018-10-27 16:29:17,807  INFO JournalismApplication:48 ---- Starting JournalismApplication on DESKTOP-7UQS1IM with PID 15528 (E:\gi\journalism\target\classes started by 69472 in E:\gi\journalism)
2018-10-27 16:29:17,809 DEBUG JournalismApplication:51 ---- Running with Spring Boot v1.5.2.RELEASE, Spring v4.3.7.RELEASE
2018-10-27 16:29:17,809  INFO JournalismApplication:637 ---- No active profile set, falling back to default profiles: default
2018-10-27 16:29:20,762  INFO JournalismApplication:57 ---- Started JournalismApplication in 3.187 seconds (JVM running for 4.785)
2018-10-27 16:29:26,885 DEBUG addArticle:145 ---- ==>  Preparing: insert into article (title, content,url, addtime,c_id) values (?,?,?,now(),?) , (?,?,?,now(),?) , (?,?,?,now(),?) , (?,?,?,now(),?) , (?,?,?,now(),?) , (?,?,?,now(),?) , (?,?,?,now(),?) , (?,?,?,now(),?) , (?,?,?,now(),?) 
2018-10-27 16:29:26,899 DEBUG addArticle:145 ---- ==> Parameters: 新闻标题(String), 震惊。。。。。(String), http://baidu.com(String), null, 新闻标题1(String), 震惊1(String), http://baidu.com(String), null, 新闻标题2(String), 震惊2(String), http://baidu.com(String), null, 新闻标题3(String), 震惊3(String), http://baidu.com(String), null, 新闻标题4(String), 震惊4(String), http://baidu.com(String), null, 新闻标题5(String), 震惊5(String), http://baidu.com(String), null, 新闻标题6(String), 震惊6(String), http://baidu.com(String), null, 新闻标题7(String), 震惊7(String), http://baidu.com(String), null, 新闻标题8(String), 震惊8(String), http://baidu.com(String), null
2018-10-27 16:29:26,930 DEBUG addArticle:145 ---- <==    Updates: 9
2018-10-27 16:29:56,036  INFO JournalismApplication:48 ---- Starting JournalismApplication on DESKTOP-7UQS1IM with PID 11652 (E:\gi\journalism\target\classes started by 69472 in E:\gi\journalism)
2018-10-27 16:29:56,047 DEBUG JournalismApplication:51 ---- Running with Spring Boot v1.5.2.RELEASE, Spring v4.3.7.RELEASE
2018-10-27 16:29:56,048  INFO JournalismApplication:637 ---- No active profile set, falling back to default profiles: default
2018-10-27 16:29:59,609  INFO JournalismApplication:57 ---- Started JournalismApplication in 3.864 seconds (JVM running for 5.558)
2018-10-27 16:30:05,089 DEBUG addArticle:145 ---- ==>  Preparing: insert into article (title, content,url, addtime,c_id) values (?,?,?,now(),?) , (?,?,?,now(),?) , (?,?,?,now(),?) , (?,?,?,now(),?) , (?,?,?,now(),?) , (?,?,?,now(),?) , (?,?,?,now(),?) , (?,?,?,now(),?) , (?,?,?,now(),?) 
2018-10-27 16:30:05,103 DEBUG addArticle:145 ---- ==> Parameters: 新闻标题(String), 震惊。。。。。(String), http://baidu.com(String), null, 新闻标题1(String), 震惊1(String), http://baidu.com(String), null, 新闻标题2(String), 震惊2(String), http://baidu.com(String), null, 新闻标题3(String), 震惊3(String), http://baidu.com(String), null, 新闻标题4(String), 震惊4(String), http://baidu.com(String), null, 新闻标题5(String), 震惊5(String), http://baidu.com(String), null, 新闻标题6(String), 震惊6(String), http://baidu.com(String), null, 新闻标题7(String), 震惊7(String), http://baidu.com(String), null, 新闻标题8(String), 震惊8(String), http://baidu.com(String), null
2018-10-27 16:30:05,136 DEBUG addArticle:145 ---- <==    Updates: 9
2018-10-27 16:32:30,614  INFO JournalismApplication:48 ---- Starting JournalismApplication on DESKTOP-7UQS1IM with PID 8056 (E:\gi\journalism\target\classes started by 69472 in E:\gi\journalism)
2018-10-27 16:32:30,616 DEBUG JournalismApplication:51 ---- Running with Spring Boot v1.5.2.RELEASE, Spring v4.3.7.RELEASE
2018-10-27 16:32:30,616  INFO JournalismApplication:637 ---- No active profile set, falling back to default profiles: default
2018-10-27 16:32:33,950  INFO JournalismApplication:57 ---- Started JournalismApplication in 3.625 seconds (JVM running for 5.167)
2018-10-27 16:32:42,499 DEBUG addArticle:145 ---- ==>  Preparing: insert into article (title, content,url, addtime,c_id) values (?,?,?,now(),?) , (?,?,?,now(),?) , (?,?,?,now(),?) , (?,?,?,now(),?) , (?,?,?,now(),?) , (?,?,?,now(),?) , (?,?,?,now(),?) , (?,?,?,now(),?) , (?,?,?,now(),?) 
2018-10-27 16:32:42,513 DEBUG addArticle:145 ---- ==> Parameters: 新闻标题(String), 震惊。。。。。(String), http://baidu.com(String), null, 新闻标题1(String), 震惊1(String), http://baidu.com(String), null, 新闻标题2(String), 震惊2(String), http://baidu.com(String), null, 新闻标题3(String), 震惊3(String), http://baidu.com(String), null, 新闻标题4(String), 震惊4(String), http://baidu.com(String), null, 新闻标题5(String), 震惊5(String), http://baidu.com(String), null, 新闻标题6(String), 震惊6(String), http://baidu.com(String), null, 新闻标题7(String), 震惊7(String), http://baidu.com(String), null, 新闻标题8(String), 震惊8(String), http://baidu.com(String), null
2018-10-27 16:32:42,545 DEBUG addArticle:145 ---- <==    Updates: 9
2018-10-27 16:33:16,713  INFO JournalismApplication:48 ---- Starting JournalismApplication on DESKTOP-7UQS1IM with PID 11032 (E:\gi\journalism\target\classes started by 69472 in E:\gi\journalism)
2018-10-27 16:33:16,715 DEBUG JournalismApplication:51 ---- Running with Spring Boot v1.5.2.RELEASE, Spring v4.3.7.RELEASE
2018-10-27 16:33:16,716  INFO JournalismApplication:637 ---- No active profile set, falling back to default profiles: default
2018-10-27 16:33:20,117  INFO JournalismApplication:57 ---- Started JournalismApplication in 3.697 seconds (JVM running for 5.14)
2018-10-27 16:33:27,762 DEBUG addArticle:145 ---- ==>  Preparing: insert into article (title, content,url, addtime,c_id) values (?,?,?,now(),?) , (?,?,?,now(),?) , (?,?,?,now(),?) , (?,?,?,now(),?) , (?,?,?,now(),?) , (?,?,?,now(),?) , (?,?,?,now(),?) , (?,?,?,now(),?) , (?,?,?,now(),?) 
2018-10-27 16:33:27,773 DEBUG addArticle:145 ---- ==> Parameters: 新闻标题(String), 震惊。。。。。(String), http://baidu.com(String), null, 新闻标题1(String), 震惊1(String), http://baidu.com(String), null, 新闻标题2(String), 震惊2(String), http://baidu.com(String), null, 新闻标题3(String), 震惊3(String), http://baidu.com(String), null, 新闻标题4(String), 震惊4(String), http://baidu.com(String), null, 新闻标题5(String), 震惊5(String), http://baidu.com(String), null, 新闻标题6(String), 震惊6(String), http://baidu.com(String), null, 新闻标题7(String), 震惊7(String), http://baidu.com(String), null, 新闻标题8(String), 震惊8(String), http://baidu.com(String), null
2018-10-27 16:33:27,807 DEBUG addArticle:145 ---- <==    Updates: 9
2018-10-27 16:34:07,181  INFO JournalismApplication:48 ---- Starting JournalismApplication on DESKTOP-7UQS1IM with PID 6328 (E:\gi\journalism\target\classes started by 69472 in E:\gi\journalism)
2018-10-27 16:34:07,183 DEBUG JournalismApplication:51 ---- Running with Spring Boot v1.5.2.RELEASE, Spring v4.3.7.RELEASE
2018-10-27 16:34:07,184  INFO JournalismApplication:637 ---- No active profile set, falling back to default profiles: default
2018-10-27 16:34:10,000  INFO JournalismApplication:57 ---- Started JournalismApplication in 3.077 seconds (JVM running for 5.084)
2018-10-27 16:34:16,317 DEBUG addArticle:145 ---- ==>  Preparing: insert into article (title, content,url, addtime,c_id) values (?,?,?,now(),?) , (?,?,?,now(),?) , (?,?,?,now(),?) , (?,?,?,now(),?) , (?,?,?,now(),?) , (?,?,?,now(),?) , (?,?,?,now(),?) , (?,?,?,now(),?) , (?,?,?,now(),?) 
2018-10-27 16:34:16,330 DEBUG addArticle:145 ---- ==> Parameters: 新闻标题(String), 震惊。。。。。(String), http://baidu.com(String), null, 新闻标题1(String), 震惊1(String), http://baidu.com(String), null, 新闻标题2(String), 震惊2(String), http://baidu.com(String), null, 新闻标题3(String), 震惊3(String), http://baidu.com(String), null, 新闻标题4(String), 震惊4(String), http://baidu.com(String), null, 新闻标题5(String), 震惊5(String), http://baidu.com(String), null, 新闻标题6(String), 震惊6(String), http://baidu.com(String), null, 新闻标题7(String), 震惊7(String), http://baidu.com(String), null, 新闻标题8(String), 震惊8(String), http://baidu.com(String), null
2018-10-27 16:34:16,361 DEBUG addArticle:145 ---- <==    Updates: 9
2018-10-27 16:34:26,685 DEBUG addArticle:145 ---- ==>  Preparing: insert into article (title, content,url, addtime,c_id) values (?,?,?,now(),?) , (?,?,?,now(),?) , (?,?,?,now(),?) , (?,?,?,now(),?) , (?,?,?,now(),?) , (?,?,?,now(),?) , (?,?,?,now(),?) , (?,?,?,now(),?) , (?,?,?,now(),?) 
2018-10-27 16:34:26,688 DEBUG addArticle:145 ---- ==> Parameters: 新闻标题(String), 震惊。。。。。(String), http://baidu.com(String), null, 新闻标题1(String), 震惊1(String), http://baidu.com(String), null, 新闻标题2(String), 震惊2(String), http://baidu.com(String), null, 新闻标题3(String), 震惊3(String), http://baidu.com(String), null, 新闻标题4(String), 震惊4(String), http://baidu.com(String), null, 新闻标题5(String), 震惊5(String), http://baidu.com(String), null, 新闻标题6(String), 震惊6(String), http://baidu.com(String), null, 新闻标题7(String), 震惊7(String), http://baidu.com(String), null, 新闻标题8(String), 震惊8(String), http://baidu.com(String), null
2018-10-27 16:34:26,714 DEBUG addArticle:145 ---- <==    Updates: 9
2018-10-27 16:35:35,592  INFO JournalismApplication:48 ---- Starting JournalismApplication on DESKTOP-7UQS1IM with PID 16456 (E:\gi\journalism\target\classes started by 69472 in E:\gi\journalism)
2018-10-27 16:35:35,594 DEBUG JournalismApplication:51 ---- Running with Spring Boot v1.5.2.RELEASE, Spring v4.3.7.RELEASE
2018-10-27 16:35:35,594  INFO JournalismApplication:637 ---- No active profile set, falling back to default profiles: default
2018-10-27 16:35:39,000  INFO JournalismApplication:57 ---- Started JournalismApplication in 3.702 seconds (JVM running for 5.105)
2018-10-27 16:35:52,126 DEBUG addArticle:145 ---- ==>  Preparing: insert into article (title, content,url, addtime,c_id) values (?,?,?,now(),?) , (?,?,?,now(),?) , (?,?,?,now(),?) , (?,?,?,now(),?) , (?,?,?,now(),?) , (?,?,?,now(),?) , (?,?,?,now(),?) , (?,?,?,now(),?) , (?,?,?,now(),?) 
2018-10-27 16:35:52,139 DEBUG addArticle:145 ---- ==> Parameters: 新闻标题(String), 震惊。。。。。(String), http://baidu.com(String), null, 新闻标题1(String), 震惊1(String), http://baidu.com(String), null, 新闻标题2(String), 震惊2(String), http://baidu.com(String), null, 新闻标题3(String), 震惊3(String), http://baidu.com(String), null, 新闻标题4(String), 震惊4(String), http://baidu.com(String), null, 新闻标题5(String), 震惊5(String), http://baidu.com(String), null, 新闻标题6(String), 震惊6(String), http://baidu.com(String), null, 新闻标题7(String), 震惊7(String), http://baidu.com(String), null, 新闻标题8(String), 震惊8(String), http://baidu.com(String), null
2018-10-27 16:35:52,177 DEBUG addArticle:145 ---- <==    Updates: 9
2018-10-27 16:36:17,966  INFO JournalismApplication:48 ---- Starting JournalismApplication on DESKTOP-7UQS1IM with PID 15380 (E:\gi\journalism\target\classes started by 69472 in E:\gi\journalism)
2018-10-27 16:36:17,968 DEBUG JournalismApplication:51 ---- Running with Spring Boot v1.5.2.RELEASE, Spring v4.3.7.RELEASE
2018-10-27 16:36:17,984  INFO JournalismApplication:637 ---- No active profile set, falling back to default profiles: default
2018-10-27 16:36:21,513  INFO JournalismApplication:57 ---- Started JournalismApplication in 3.812 seconds (JVM running for 5.745)
2018-10-27 16:37:05,901 DEBUG addArticle:145 ---- ==>  Preparing: insert into article (title, content,url, addtime,c_id) values (?,?,?,now(),?) 
2018-10-27 16:37:05,914 DEBUG addArticle:145 ---- ==> Parameters: 新闻标题(String), 震惊。。。。。(String), http://baidu.com(String), null
2018-10-27 16:37:05,946 DEBUG addArticle:145 ---- <==    Updates: 1
2018-10-27 16:41:01,656  INFO JournalismApplication:48 ---- Starting JournalismApplication on DESKTOP-7UQS1IM with PID 15760 (E:\gi\journalism\target\classes started by 69472 in E:\gi\journalism)
2018-10-27 16:41:01,658 DEBUG JournalismApplication:51 ---- Running with Spring Boot v1.5.2.RELEASE, Spring v4.3.7.RELEASE
2018-10-27 16:41:01,659  INFO JournalismApplication:637 ---- No active profile set, falling back to default profiles: default
2018-10-27 16:41:04,565  INFO JournalismApplication:57 ---- Started JournalismApplication in 3.15 seconds (JVM running for 4.698)
2018-10-27 16:41:19,574 DEBUG addArticle:145 ---- ==>  Preparing: insert into article (title, content,url, addtime,c_id) values (?,?,?,now(),?) , (?,?,?,now(),?) , (?,?,?,now(),?) , (?,?,?,now(),?) , (?,?,?,now(),?) , (?,?,?,now(),?) , (?,?,?,now(),?) , (?,?,?,now(),?) , (?,?,?,now(),?) 
2018-10-27 16:41:19,587 DEBUG addArticle:145 ---- ==> Parameters: 新闻标题(String), 震惊。。。。。(String), http://baidu.com(String), null, 新闻标题1(String), 震惊1(String), http://baidu.com(String), null, 新闻标题2(String), 震惊2(String), http://baidu.com(String), null, 新闻标题3(String), 震惊3(String), http://baidu.com(String), null, 新闻标题4(String), 震惊4(String), http://baidu.com(String), null, 新闻标题5(String), 震惊5(String), http://baidu.com(String), null, 新闻标题6(String), 震惊6(String), http://baidu.com(String), null, 新闻标题7(String), 震惊7(String), http://baidu.com(String), null, 新闻标题8(String), 震惊8(String), http://baidu.com(String), null
2018-10-27 16:41:19,620 DEBUG addArticle:145 ---- <==    Updates: 9
2018-10-27 16:42:33,771  INFO JournalismApplication:48 ---- Starting JournalismApplication on DESKTOP-7UQS1IM with PID 8360 (E:\gi\journalism\target\classes started by 69472 in E:\gi\journalism)
2018-10-27 16:42:33,774 DEBUG JournalismApplication:51 ---- Running with Spring Boot v1.5.2.RELEASE, Spring v4.3.7.RELEASE
2018-10-27 16:42:33,774  INFO JournalismApplication:637 ---- No active profile set, falling back to default profiles: default
2018-10-27 16:42:36,790  INFO JournalismApplication:57 ---- Started JournalismApplication in 3.285 seconds (JVM running for 5.467)
2018-10-27 16:43:36,229  INFO JournalismApplication:48 ---- Starting JournalismApplication on DESKTOP-7UQS1IM with PID 7212 (E:\gi\journalism\target\classes started by 69472 in E:\gi\journalism)
2018-10-27 16:43:36,232 DEBUG JournalismApplication:51 ---- Running with Spring Boot v1.5.2.RELEASE, Spring v4.3.7.RELEASE
2018-10-27 16:43:36,232  INFO JournalismApplication:637 ---- No active profile set, falling back to default profiles: default
2018-10-27 16:43:39,170  INFO JournalismApplication:57 ---- Started JournalismApplication in 3.187 seconds (JVM running for 4.786)
2018-10-27 16:44:46,786  INFO JournalismApplication:48 ---- Starting JournalismApplication on DESKTOP-7UQS1IM with PID 12220 (E:\gi\journalism\target\classes started by 69472 in E:\gi\journalism)
2018-10-27 16:44:46,788 DEBUG JournalismApplication:51 ---- Running with Spring Boot v1.5.2.RELEASE, Spring v4.3.7.RELEASE
2018-10-27 16:44:46,789  INFO JournalismApplication:637 ---- No active profile set, falling back to default profiles: default
2018-10-27 16:44:50,463  INFO JournalismApplication:57 ---- Started JournalismApplication in 3.994 seconds (JVM running for 5.605)
2018-10-27 16:44:55,486 DEBUG addArticle:145 ---- ==>  Preparing: insert into article (title, content,url, addtime,c_id) values (?,?,?,now(),?) , (?,?,?,now(),?) , (?,?,?,now(),?) , (?,?,?,now(),?) , (?,?,?,now(),?) , (?,?,?,now(),?) , (?,?,?,now(),?) , (?,?,?,now(),?) , (?,?,?,now(),?) 
2018-10-27 16:44:55,499 DEBUG addArticle:145 ---- ==> Parameters: 新闻标题(String), 震惊。。。。。(String), http://baidu.com(String), null, 新闻标题1(String), 震惊1(String), http://baidu.com(String), null, 新闻标题2(String), 震惊2(String), http://baidu.com(String), null, 新闻标题3(String), 震惊3(String), http://baidu.com(String), null, 新闻标题4(String), 震惊4(String), http://baidu.com(String), null, 新闻标题5(String), 震惊5(String), http://baidu.com(String), null, 新闻标题6(String), 震惊6(String), http://baidu.com(String), null, 新闻标题7(String), 震惊7(String), http://baidu.com(String), null, 新闻标题8(String), 震惊8(String), http://baidu.com(String), null
2018-10-27 16:44:55,531 DEBUG addArticle:145 ---- <==    Updates: 9
2018-10-27 16:47:59,693  INFO JournalismApplication:48 ---- Starting JournalismApplication on DESKTOP-7UQS1IM with PID 8128 (E:\gi\journalism\target\classes started by 69472 in E:\gi\journalism)
2018-10-27 16:47:59,695 DEBUG JournalismApplication:51 ---- Running with Spring Boot v1.5.2.RELEASE, Spring v4.3.7.RELEASE
2018-10-27 16:47:59,695  INFO JournalismApplication:637 ---- No active profile set, falling back to default profiles: default
2018-10-27 16:48:02,830  INFO JournalismApplication:57 ---- Started JournalismApplication in 3.358 seconds (JVM running for 4.635)
2018-10-27 16:48:12,263 DEBUG addArticle:145 ---- ==>  Preparing: insert into article (title, content,url, addtime,c_id) values (?,?,?,now(),?) , (?,?,?,now(),?) , (?,?,?,now(),?) , (?,?,?,now(),?) , (?,?,?,now(),?) , (?,?,?,now(),?) , (?,?,?,now(),?) , (?,?,?,now(),?) , (?,?,?,now(),?) 
2018-10-27 16:48:12,277 DEBUG addArticle:145 ---- ==> Parameters: 新闻标题(String), 震惊。。。。。(String), http://baidu.com(String), null, 新闻标题1(String), 震惊1(String), http://baidu.com(String), null, 新闻标题2(String), 震惊2(String), http://baidu.com(String), null, 新闻标题3(String), 震惊3(String), http://baidu.com(String), null, 新闻标题4(String), 震惊4(String), http://baidu.com(String), null, 新闻标题5(String), 震惊5(String), http://baidu.com(String), null, 新闻标题6(String), 震惊6(String), http://baidu.com(String), null, 新闻标题7(String), 震惊7(String), http://baidu.com(String), null, 新闻标题8(String), 震惊8(String), http://baidu.com(String), null
2018-10-27 16:48:12,310 DEBUG addArticle:145 ---- <==    Updates: 9
